# JRE version: OpenJDK Runtime Environment (21.0.3) (build 21.0.3+-12282718-b509.11)
# Java VM: OpenJDK 64-Bit Server VM (21.0.3+-12282718-b509.11, mixed mode, tiered, compressed oops, compressed class ptrs, g1 gc, windows-amd64)
GC Precious Log:
 CardTable entry size: 512
 Card Set container configuration: InlinePtr #cards 5 size 8 Array Of Cards #cards 12 size 40 Howl #buckets 4 coarsen threshold 1843 Howl Bitmap #cards 512 size 80 coarsen threshold 460 Card regions per heap region 1 cards per card region 2048
 CPUs: 16 total, 16 available
 Memory: 15752M
 Large Page Support: Disabled
 NUMA Support: Disabled
 Compressed Oops: Enabled (32-bit)
 Heap Region Size: 1M
 Heap Min Capacity: 8M
 Heap Initial Capacity: 248M
 Heap Max Capacity: 2G
 Pre-touch: Disabled
 Parallel Workers: 13
 Concurrent Workers: 3
 Concurrent Refinement Workers: 13
 Periodic GC: Disabled
Heap:
 garbage-first heap   total 88064K, used 63844K [0x0000000080000000, 0x0000000100000000)
  region size 1024K, 29 young (29696K), 3 survivors (3072K)
 Metaspace       used 62044K, committed 63616K, reserved 1114112K
  class space    used 8558K, committed 9344K, reserved 1048576K
GC Heap History (20 events):
Event: 2.633 GC heap before
{Heap before GC invocations=2 (full 0):
 garbage-first heap   total 253952K, used 76357K [0x0000000080000000, 0x0000000100000000)
  region size 1024K, 64 young (65536K), 2 survivors (2048K)
 Metaspace       used 21021K, committed 21376K, reserved 1114112K
  class space    used 2424K, committed 2560K, reserved 1048576K
}
Event: 2.638 GC heap after
{Heap after GC invocations=3 (full 0):
 garbage-first heap   total 253952K, used 20441K [0x0000000080000000, 0x0000000100000000)
  region size 1024K, 8 young (8192K), 8 survivors (8192K)
 Metaspace       used 21021K, committed 21376K, reserved 1114112K
  class space    used 2424K, committed 2560K, reserved 1048576K
}
Event: 2.663 GC heap before
{Heap before GC invocations=3 (full 0):
 garbage-first heap   total 253952K, used 21465K [0x0000000080000000, 0x0000000100000000)
  region size 1024K, 10 young (10240K), 8 survivors (8192K)
 Metaspace       used 21207K, committed 21504K, reserved 1114112K
  class space    used 2453K, committed 2624K, reserved 1048576K
}
Event: 2.666 GC heap after
{Heap after GC invocations=4 (full 0):
 garbage-first heap   total 253952K, used 20722K [0x0000000080000000, 0x0000000100000000)
  region size 1024K, 9 young (9216K), 9 survivors (9216K)
 Metaspace       used 21207K, committed 21504K, reserved 1114112K
  class space    used 2453K, committed 2624K, reserved 1048576K
}
Event: 3.988 GC heap before
{Heap before GC invocations=5 (full 0):
 garbage-first heap   total 75776K, used 74994K [0x0000000080000000, 0x0000000100000000)
  region size 1024K, 62 young (63488K), 9 survivors (9216K)
 Metaspace       used 29770K, committed 30400K, reserved 1114112K
  class space    used 3839K, committed 4096K, reserved 1048576K
}
Event: 3.994 GC heap after
{Heap after GC invocations=6 (full 0):
 garbage-first heap   total 88064K, used 24032K [0x0000000080000000, 0x0000000100000000)
  region size 1024K, 12 young (12288K), 12 survivors (12288K)
 Metaspace       used 29770K, committed 30400K, reserved 1114112K
  class space    used 3839K, committed 4096K, reserved 1048576K
}
Event: 5.690 GC heap before
{Heap before GC invocations=6 (full 0):
 garbage-first heap   total 88064K, used 62944K [0x0000000080000000, 0x0000000100000000)
  region size 1024K, 51 young (52224K), 12 survivors (12288K)
 Metaspace       used 35185K, committed 35968K, reserved 1114112K
  class space    used 4734K, committed 5120K, reserved 1048576K
}
Event: 5.695 GC heap after
{Heap after GC invocations=7 (full 0):
 garbage-first heap   total 88064K, used 26797K [0x0000000080000000, 0x0000000100000000)
  region size 1024K, 6 young (6144K), 6 survivors (6144K)
 Metaspace       used 35185K, committed 35968K, reserved 1114112K
  class space    used 4734K, committed 5120K, reserved 1048576K
}
Event: 5.701 GC heap before
{Heap before GC invocations=7 (full 0):
 garbage-first heap   total 88064K, used 26797K [0x0000000080000000, 0x0000000100000000)
  region size 1024K, 7 young (7168K), 6 survivors (6144K)
 Metaspace       used 35214K, committed 35968K, reserved 1114112K
  class space    used 4737K, committed 5120K, reserved 1048576K
}
Event: 5.704 GC heap after
{Heap after GC invocations=8 (full 0):
 garbage-first heap   total 88064K, used 26859K [0x0000000080000000, 0x0000000100000000)
  region size 1024K, 3 young (3072K), 3 survivors (3072K)
 Metaspace       used 35214K, committed 35968K, reserved 1114112K
  class space    used 4737K, committed 5120K, reserved 1048576K
}
Event: 6.535 GC heap before
{Heap before GC invocations=9 (full 0):
 garbage-first heap   total 88064K, used 72939K [0x0000000080000000, 0x0000000100000000)
  region size 1024K, 49 young (50176K), 3 survivors (3072K)
 Metaspace       used 43371K, committed 44480K, reserved 1114112K
  class space    used 5863K, committed 6400K, reserved 1048576K
}
Event: 6.539 GC heap after
{Heap after GC invocations=10 (full 0):
 garbage-first heap   total 88064K, used 30051K [0x0000000080000000, 0x0000000100000000)
  region size 1024K, 6 young (6144K), 6 survivors (6144K)
 Metaspace       used 43371K, committed 44480K, reserved 1114112K
  class space    used 5863K, committed 6400K, reserved 1048576K
}
Event: 7.062 GC heap before
{Heap before GC invocations=10 (full 0):
 garbage-first heap   total 88064K, used 74083K [0x0000000080000000, 0x0000000100000000)
  region size 1024K, 50 young (51200K), 6 survivors (6144K)
 Metaspace       used 46516K, committed 47744K, reserved 1114112K
  class space    used 6255K, committed 6848K, reserved 1048576K
}
Event: 7.068 GC heap after
{Heap after GC invocations=11 (full 0):
 garbage-first heap   total 88064K, used 33241K [0x0000000080000000, 0x0000000100000000)
  region size 1024K, 7 young (7168K), 7 survivors (7168K)
 Metaspace       used 46516K, committed 47744K, reserved 1114112K
  class space    used 6255K, committed 6848K, reserved 1048576K
}
Event: 7.849 GC heap before
{Heap before GC invocations=11 (full 0):
 garbage-first heap   total 88064K, used 74201K [0x0000000080000000, 0x0000000100000000)
  region size 1024K, 48 young (49152K), 7 survivors (7168K)
 Metaspace       used 50542K, committed 51904K, reserved 1114112K
  class space    used 6932K, committed 7616K, reserved 1048576K
}
Event: 7.854 GC heap after
{Heap after GC invocations=12 (full 0):
 garbage-first heap   total 88064K, used 35880K [0x0000000080000000, 0x0000000100000000)
  region size 1024K, 6 young (6144K), 6 survivors (6144K)
 Metaspace       used 50542K, committed 51904K, reserved 1114112K
  class space    used 6932K, committed 7616K, reserved 1048576K
}
Event: 8.527 GC heap before
{Heap before GC invocations=12 (full 0):
 garbage-first heap   total 88064K, used 76840K [0x0000000080000000, 0x0000000100000000)
  region size 1024K, 45 young (46080K), 6 survivors (6144K)
 Metaspace       used 56563K, committed 58048K, reserved 1114112K
  class space    used 7666K, committed 8384K, reserved 1048576K
}
Event: 8.531 GC heap after
{Heap after GC invocations=13 (full 0):
 garbage-first heap   total 88064K, used 37732K [0x0000000080000000, 0x0000000100000000)
  region size 1024K, 5 young (5120K), 5 survivors (5120K)
 Metaspace       used 56563K, committed 58048K, reserved 1114112K
  class space    used 7666K, committed 8384K, reserved 1048576K
}
Event: 8.832 GC heap before
{Heap before GC invocations=13 (full 0):
 garbage-first heap   total 88064K, used 51044K [0x0000000080000000, 0x0000000100000000)
  region size 1024K, 19 young (19456K), 5 survivors (5120K)
 Metaspace       used 58640K, committed 60096K, reserved 1114112K
  class space    used 7976K, committed 8704K, reserved 1048576K
}
Event: 8.836 GC heap after
{Heap after GC invocations=14 (full 0):
 garbage-first heap   total 88064K, used 38244K [0x0000000080000000, 0x0000000100000000)
  region size 1024K, 3 young (3072K), 3 survivors (3072K)
 Metaspace       used 58640K, committed 60096K, reserved 1114112K
  class space    used 7976K, committed 8704K, reserved 1048576K
}

