# JRE version: OpenJDK Runtime Environment (21.0.3) (build 21.0.3+-12282718-b509.11)
# Java VM: OpenJDK 64-Bit Server VM (21.0.3+-12282718-b509.11, mixed mode, tiered, compressed oops, compressed class ptrs, g1 gc, windows-amd64)
GC Precious Log:
 CardTable entry size: 512
 Card Set container configuration: InlinePtr #cards 5 size 8 Array Of Cards #cards 12 size 40 Howl #buckets 4 coarsen threshold 1843 Howl Bitmap #cards 512 size 80 coarsen threshold 460 Card regions per heap region 1 cards per card region 2048
 CPUs: 16 total, 16 available
 Memory: 15752M
 Large Page Support: Disabled
 NUMA Support: Disabled
 Compressed Oops: Enabled (32-bit)
 Heap Region Size: 1M
 Heap Min Capacity: 8M
 Heap Initial Capacity: 248M
 Heap Max Capacity: 2G
 Pre-touch: Disabled
 Parallel Workers: 13
 Concurrent Workers: 3
 Concurrent Refinement Workers: 13
 Periodic GC: Disabled
Heap:
 garbage-first heap   total 153600K, used 85288K [0x0000000080000000, 0x0000000100000000)
  region size 1024K, 6 young (6144K), 4 survivors (4096K)
 Metaspace       used 87413K, committed 89216K, reserved 1179648K
  class space    used 11816K, committed 12672K, reserved 1048576K
GC Heap History (20 events):
Event: 6.991 GC heap before
{Heap before GC invocations=14 (full 0):
 garbage-first heap   total 92160K, used 78102K [0x0000000080000000, 0x0000000100000000)
  region size 1024K, 46 young (47104K), 6 survivors (6144K)
 Metaspace       used 64399K, committed 65984K, reserved 1114112K
  class space    used 8888K, committed 9664K, reserved 1048576K
}
Event: 6.995 GC heap after
{Heap after GC invocations=15 (full 0):
 garbage-first heap   total 115712K, used 41005K [0x0000000080000000, 0x0000000100000000)
  region size 1024K, 5 young (5120K), 5 survivors (5120K)
 Metaspace       used 64399K, committed 65984K, reserved 1114112K
  class space    used 8888K, committed 9664K, reserved 1048576K
}
Event: 7.724 GC heap before
{Heap before GC invocations=15 (full 0):
 garbage-first heap   total 115712K, used 101421K [0x0000000080000000, 0x0000000100000000)
  region size 1024K, 65 young (66560K), 5 survivors (5120K)
 Metaspace       used 66146K, committed 67712K, reserved 1114112K
  class space    used 9054K, committed 9856K, reserved 1048576K
}
Event: 7.730 GC heap after
{Heap after GC invocations=16 (full 0):
 garbage-first heap   total 115712K, used 46278K [0x0000000080000000, 0x0000000100000000)
  region size 1024K, 9 young (9216K), 9 survivors (9216K)
 Metaspace       used 66146K, committed 67712K, reserved 1114112K
  class space    used 9054K, committed 9856K, reserved 1048576K
}
Event: 7.940 GC heap before
{Heap before GC invocations=16 (full 0):
 garbage-first heap   total 115712K, used 97478K [0x0000000080000000, 0x0000000100000000)
  region size 1024K, 60 young (61440K), 9 survivors (9216K)
 Metaspace       used 66561K, committed 68160K, reserved 1114112K
  class space    used 9080K, committed 9856K, reserved 1048576K
}
Event: 7.948 GC heap after
{Heap after GC invocations=17 (full 0):
 garbage-first heap   total 115712K, used 48691K [0x0000000080000000, 0x0000000100000000)
  region size 1024K, 5 young (5120K), 5 survivors (5120K)
 Metaspace       used 66561K, committed 68160K, reserved 1114112K
  class space    used 9080K, committed 9856K, reserved 1048576K
}
Event: 8.118 GC heap before
{Heap before GC invocations=17 (full 0):
 garbage-first heap   total 115712K, used 100915K [0x0000000080000000, 0x0000000100000000)
  region size 1024K, 57 young (58368K), 5 survivors (5120K)
 Metaspace       used 66572K, committed 68160K, reserved 1114112K
  class space    used 9081K, committed 9856K, reserved 1048576K
}
Event: 8.123 GC heap after
{Heap after GC invocations=18 (full 0):
 garbage-first heap   total 115712K, used 49542K [0x0000000080000000, 0x0000000100000000)
  region size 1024K, 6 young (6144K), 6 survivors (6144K)
 Metaspace       used 66572K, committed 68160K, reserved 1114112K
  class space    used 9081K, committed 9856K, reserved 1048576K
}
Event: 8.596 GC heap before
{Heap before GC invocations=19 (full 0):
 garbage-first heap   total 115712K, used 113030K [0x0000000080000000, 0x0000000100000000)
  region size 1024K, 56 young (57344K), 6 survivors (6144K)
 Metaspace       used 67995K, committed 69632K, reserved 1114112K
  class space    used 9296K, committed 10112K, reserved 1048576K
}
Event: 8.601 GC heap after
{Heap after GC invocations=20 (full 0):
 garbage-first heap   total 126976K, used 68422K [0x0000000080000000, 0x0000000100000000)
  region size 1024K, 7 young (7168K), 7 survivors (7168K)
 Metaspace       used 67995K, committed 69632K, reserved 1114112K
  class space    used 9296K, committed 10112K, reserved 1048576K
}
Event: 9.092 GC heap before
{Heap before GC invocations=20 (full 0):
 garbage-first heap   total 126976K, used 110406K [0x0000000080000000, 0x0000000100000000)
  region size 1024K, 48 young (49152K), 7 survivors (7168K)
 Metaspace       used 71711K, committed 73408K, reserved 1114112K
  class space    used 9729K, committed 10560K, reserved 1048576K
}
Event: 9.096 GC heap after
{Heap after GC invocations=21 (full 0):
 garbage-first heap   total 126976K, used 70987K [0x0000000080000000, 0x0000000100000000)
  region size 1024K, 3 young (3072K), 3 survivors (3072K)
 Metaspace       used 71711K, committed 73408K, reserved 1114112K
  class space    used 9729K, committed 10560K, reserved 1048576K
}
Event: 9.533 GC heap before
{Heap before GC invocations=21 (full 0):
 garbage-first heap   total 126976K, used 110923K [0x0000000080000000, 0x0000000100000000)
  region size 1024K, 42 young (43008K), 3 survivors (3072K)
 Metaspace       used 76381K, committed 78144K, reserved 1179648K
  class space    used 10378K, committed 11264K, reserved 1048576K
}
Event: 9.537 GC heap after
{Heap after GC invocations=22 (full 0):
 garbage-first heap   total 126976K, used 73149K [0x0000000080000000, 0x0000000100000000)
  region size 1024K, 5 young (5120K), 5 survivors (5120K)
 Metaspace       used 76381K, committed 78144K, reserved 1179648K
  class space    used 10378K, committed 11264K, reserved 1048576K
}
Event: 9.980 GC heap before
{Heap before GC invocations=23 (full 0):
 garbage-first heap   total 128000K, used 118205K [0x0000000080000000, 0x0000000100000000)
  region size 1024K, 44 young (45056K), 5 survivors (5120K)
 Metaspace       used 79042K, committed 80832K, reserved 1179648K
  class space    used 10729K, committed 11648K, reserved 1048576K
}
Event: 9.986 GC heap after
{Heap after GC invocations=24 (full 0):
 garbage-first heap   total 128000K, used 77627K [0x0000000080000000, 0x0000000100000000)
  region size 1024K, 6 young (6144K), 6 survivors (6144K)
 Metaspace       used 79042K, committed 80832K, reserved 1179648K
  class space    used 10729K, committed 11648K, reserved 1048576K
}
Event: 10.439 GC heap before
{Heap before GC invocations=24 (full 0):
 garbage-first heap   total 128000K, used 114491K [0x0000000080000000, 0x0000000100000000)
  region size 1024K, 42 young (43008K), 6 survivors (6144K)
 Metaspace       used 82123K, committed 83904K, reserved 1179648K
  class space    used 11134K, committed 12032K, reserved 1048576K
}
Event: 10.444 GC heap after
{Heap after GC invocations=25 (full 0):
 garbage-first heap   total 153600K, used 79095K [0x0000000080000000, 0x0000000100000000)
  region size 1024K, 2 young (2048K), 2 survivors (2048K)
 Metaspace       used 82123K, committed 83904K, reserved 1179648K
  class space    used 11134K, committed 12032K, reserved 1048576K
}
Event: 11.199 GC heap before
{Heap before GC invocations=25 (full 0):
 garbage-first heap   total 153600K, used 132343K [0x0000000080000000, 0x0000000100000000)
  region size 1024K, 55 young (56320K), 2 survivors (2048K)
 Metaspace       used 87311K, committed 89088K, reserved 1179648K
  class space    used 11797K, committed 12672K, reserved 1048576K
}
Event: 11.203 GC heap after
{Heap after GC invocations=26 (full 0):
 garbage-first heap   total 153600K, used 81192K [0x0000000080000000, 0x0000000100000000)
  region size 1024K, 4 young (4096K), 4 survivors (4096K)
 Metaspace       used 87311K, committed 89088K, reserved 1179648K
  class space    used 11797K, committed 12672K, reserved 1048576K
}

